\BOOKMARK [0][-]{chapter.1}{Conceptos B\341sicos de Sistemas Embebidos}{}% 1
\BOOKMARK [0][-]{chapter.2}{Configurando las herramientas}{}% 2
\BOOKMARK [1][-]{section.2.1}{Instalando GTK+}{chapter.2}% 3
\BOOKMARK [1][-]{section.2.2}{Compartiendo Internet}{chapter.2}% 4
\BOOKMARK [1][-]{section.2.3}{Instalando Anjuta como IDE de programaci\363n en Vala}{chapter.2}% 5
\BOOKMARK [2][-]{subsection.2.3.1}{Instalaci\363n de Vala}{section.2.3}% 6
\BOOKMARK [2][-]{subsection.2.3.2}{Pasos para instalar Anjuta en Ubuntu}{section.2.3}% 7
\BOOKMARK [1][-]{section.2.4}{\277Que es Vala?}{chapter.2}% 8
\BOOKMARK [1][-]{section.2.5}{Primer Programa de Vala}{chapter.2}% 9
\BOOKMARK [1][-]{section.2.6}{Compilaci\363n del programa en Vala}{chapter.2}% 10
\BOOKMARK [0][-]{chapter.3}{Configurando FreeBSD}{}% 11
\BOOKMARK [1][-]{section.3.1}{Cambiar idioma al espa\361ol}{chapter.3}% 12
\BOOKMARK [1][-]{section.3.2}{Como instalar Xwindows en freebsd para ARM}{chapter.3}% 13
\BOOKMARK [0][-]{chapter.4}{Sintaxis de Vala}{}% 14
\BOOKMARK [1][-]{section.4.1}{Comentarios}{chapter.4}% 15
\BOOKMARK [1][-]{section.4.2}{Tipos de datos}{chapter.4}% 16
\BOOKMARK [1][-]{section.4.3}{Tipos por valor}{chapter.4}% 17
\BOOKMARK [1][-]{section.4.4}{Cadena de Caracteres}{chapter.4}% 18
\BOOKMARK [1][-]{section.4.5}{Matrices}{chapter.4}% 19
\BOOKMARK [1][-]{section.4.6}{Tipos referenciados}{chapter.4}% 20
\BOOKMARK [1][-]{section.4.7}{Promoci\363n de tipos est\341ticos}{chapter.4}% 21
\BOOKMARK [1][-]{section.4.8}{Inferencia de Tipos}{chapter.4}% 22
\BOOKMARK [1][-]{section.4.9}{Definir un tipo nuevo a partir de otro}{chapter.4}% 23
\BOOKMARK [1][-]{section.4.10}{Operadores}{chapter.4}% 24
\BOOKMARK [1][-]{section.4.11}{Estructuras de Control}{chapter.4}% 25
\BOOKMARK [1][-]{section.4.12}{Elementos del lenguaje}{chapter.4}% 26
\BOOKMARK [2][-]{subsection.4.12.1}{M\351todos}{section.4.12}% 27
\BOOKMARK [1][-]{section.4.13}{Delegados}{chapter.4}% 28
\BOOKMARK [1][-]{section.4.14}{M\351todos an\363nimos o clausuras}{chapter.4}% 29
\BOOKMARK [1][-]{section.4.15}{Espacios de Nombres}{chapter.4}% 30
\BOOKMARK [1][-]{section.4.16}{Struct}{chapter.4}% 31
\BOOKMARK [1][-]{section.4.17}{Clases}{chapter.4}% 32
\BOOKMARK [1][-]{section.4.18}{Interfaces}{chapter.4}% 33
\BOOKMARK [1][-]{section.4.19}{Atributos del c\363digo}{chapter.4}% 34
\BOOKMARK [0][-]{chapter.5}{Programaci\363n B\341sica con Vala}{}% 35
\BOOKMARK [1][-]{section.5.1}{Leyendo informaci\363n del Usuario}{chapter.5}% 36
\BOOKMARK [1][-]{section.5.2}{Matem\341ticas}{chapter.5}% 37
\BOOKMARK [1][-]{section.5.3}{Argumentos de linea de comando y c\363digos de Exit}{chapter.5}% 38
\BOOKMARK [1][-]{section.5.4}{Leyendo y escribiendo Archivos de Texto}{chapter.5}% 39
\BOOKMARK [1][-]{section.5.5}{Programaci\363n Orientada a Objetos}{chapter.5}% 40
\BOOKMARK [1][-]{section.5.6}{Conceptos B\341sicos}{chapter.5}% 41
\BOOKMARK [1][-]{section.5.7}{Construcci\363n}{chapter.5}% 42
\BOOKMARK [1][-]{section.5.8}{Destrucci\363n}{chapter.5}% 43
\BOOKMARK [1][-]{section.5.9}{Se\361ales}{chapter.5}% 44
\BOOKMARK [2][-]{subsection.5.9.1}{Desconectando Se\361ales}{section.5.9}% 45
\BOOKMARK [2][-]{subsection.5.9.2}{Manejadores de se\361ales por default y connect\137after\(\)}{section.5.9}% 46
\BOOKMARK [2][-]{subsection.5.9.3}{Acerca de user\137data}{section.5.9}% 47
\BOOKMARK [1][-]{section.5.10}{Propiedades}{chapter.5}% 48
\BOOKMARK [1][-]{section.5.11}{Herencia}{chapter.5}% 49
\BOOKMARK [1][-]{section.5.12}{Clases abstractas}{chapter.5}% 50
\BOOKMARK [1][-]{section.5.13}{Interfaces / Mixins}{chapter.5}% 51
\BOOKMARK [1][-]{section.5.14}{Polimorfismo}{chapter.5}% 52
\BOOKMARK [1][-]{section.5.15}{Ocultaci\363n de m\351todos}{chapter.5}% 53
\BOOKMARK [1][-]{section.5.16}{Informaci\363n de tipos en tiempo de ejecuci\363n}{chapter.5}% 54
\BOOKMARK [1][-]{section.5.17}{Promoci\363n de tipos din\341micos}{chapter.5}% 55
\BOOKMARK [1][-]{section.5.18}{Genericidad}{chapter.5}% 56
\BOOKMARK [1][-]{section.5.19}{Construcci\363n al estilo de GObject}{chapter.5}% 57
\BOOKMARK [1][-]{section.5.20}{Primeras clases}{chapter.5}% 58
\BOOKMARK [0][-]{chapter.6}{Manejo de Archivos con Vala}{}% 59
\BOOKMARK [1][-]{section.6.1}{Leyendo archivos de texto linea por linea}{chapter.6}% 60
\BOOKMARK [1][-]{section.6.2}{Objetos File}{chapter.6}% 61
\BOOKMARK [1][-]{section.6.3}{Algunas Operaciones simples de Archivos}{chapter.6}% 62
\BOOKMARK [1][-]{section.6.4}{Escribiendo Datos}{chapter.6}% 63
\BOOKMARK [1][-]{section.6.5}{Leyendo datos binarios}{chapter.6}% 64
\BOOKMARK [1][-]{section.6.6}{Listando el contenido del directorio}{chapter.6}% 65
\BOOKMARK [1][-]{section.6.7}{Listado de Archivos As\355ncronos}{chapter.6}% 66
\BOOKMARK [1][-]{section.6.8}{Flujo de lectura as\355ncrona}{chapter.6}% 67
\BOOKMARK [0][-]{chapter.7}{Programaci\363n con GTK+}{}% 68
\BOOKMARK [1][-]{section.7.1}{Ejemplo B\341sico}{chapter.7}% 69
\BOOKMARK [1][-]{section.7.2}{Sincronizaci\363n de Widgets}{chapter.7}% 70
\BOOKMARK [1][-]{section.7.3}{Temporizador}{chapter.7}% 71
\BOOKMARK [2][-]{subsection.7.3.1}{Proyecto de Ejemplo: Dise\361ando un reloj}{section.7.3}% 72
\BOOKMARK [1][-]{section.7.4}{Programa Usando Hilos}{chapter.7}% 73
\BOOKMARK [1][-]{section.7.5}{Dos hilos}{chapter.7}% 74
\BOOKMARK [0][-]{chapter.8}{Controlando linux desde Vala}{}% 75
\BOOKMARK [1][-]{subsection.8.0.1}{Para encender el LED}{chapter.8}% 76
\BOOKMARK [2][-]{subsection.8.0.2}{ Para apagar el LED:}{subsection.8.0.1}% 77
\BOOKMARK [1][-]{section.8.1}{Programaci\363n serial con Vala}{chapter.8}% 78
\BOOKMARK [2][-]{subsection.8.1.1}{Conceptos de entrada para dispositivos serie}{section.8.1}% 79
\BOOKMARK [2][-]{subsection.8.1.2}{Configuraci\363n del puerto serie en Linux}{section.8.1}% 80
