\BOOKMARK [0][-]{chapter.1}{Conceptos B\341sicos de Sistemas Embebidos}{}% 1
\BOOKMARK [1][-]{section.1.1}{Definici\363n formal de Sistemas Embebidos}{chapter.1}% 2
\BOOKMARK [1][-]{section.1.2}{Historia}{chapter.1}% 3
\BOOKMARK [0][-]{chapter.2}{Aplicaciones con Angular 2}{}% 4
\BOOKMARK [1][-]{section.2.1}{Aportaciones de Angular 2}{chapter.2}% 5
\BOOKMARK [2][-]{subsection.2.1.1}{TypeScript / Javascript}{section.2.1}% 6
\BOOKMARK [2][-]{subsection.2.1.2}{Lazy SPA}{section.2.1}% 7
\BOOKMARK [2][-]{subsection.2.1.3}{Renderizado Universal}{section.2.1}% 8
\BOOKMARK [2][-]{subsection.2.1.4}{Data Binding Flow}{section.2.1}% 9
\BOOKMARK [2][-]{subsection.2.1.5}{Componentes}{section.2.1}% 10
\BOOKMARK [1][-]{section.2.2}{Creando y configurando un proyecto}{chapter.2}% 11
\BOOKMARK [2][-]{subsection.2.2.1}{Crear una carpeta de proyecto}{section.2.2}% 12
\BOOKMARK [2][-]{subsection.2.2.2}{Agregar un archivo de definici\363n de paquetes y de configuraci\363n}{section.2.2}% 13
\BOOKMARK [2][-]{subsection.2.2.3}{Instalar Paquetes }{section.2.2}% 14
\BOOKMARK [2][-]{subsection.2.2.4}{Agregando las librer\355as y paquetes necesarios con npm}{section.2.2}% 15
\BOOKMARK [2][-]{subsection.2.2.5}{Archivo systemjs.config.js}{section.2.2}% 16
\BOOKMARK [2][-]{subsection.2.2.6}{Archivo package.json}{section.2.2}% 17
\BOOKMARK [2][-]{subsection.2.2.7}{Archivo tsconfig.json}{section.2.2}% 18
\BOOKMARK [2][-]{subsection.2.2.8}{Archivo typings.json}{section.2.2}% 19
\BOOKMARK [1][-]{section.2.3}{Dise\361ando el primer componente en Angular}{chapter.2}% 20
\BOOKMARK [2][-]{subsection.2.3.1}{Crear una subcarpeta de la aplicaci\363n}{section.2.3}% 21
\BOOKMARK [2][-]{subsection.2.3.2}{Crear el archivo de componente}{section.2.3}% 22
\BOOKMARK [2][-]{subsection.2.3.3}{Component class}{section.2.3}% 23
\BOOKMARK [1][-]{section.2.4}{creando app.module.ts}{chapter.2}% 24
\BOOKMARK [1][-]{section.2.5}{Agregar main.ts}{chapter.2}% 25
\BOOKMARK [1][-]{section.2.6}{El Bootstraping es espec\355fico de la plataforma }{chapter.2}% 26
\BOOKMARK [1][-]{section.2.7}{Agregar un archivo index.html}{chapter.2}% 27
\BOOKMARK [2][-]{subsection.2.7.1}{Agregando algo de estilo}{section.2.7}% 28
\BOOKMARK [1][-]{section.2.8}{Construir y ejecutar la app}{chapter.2}% 29
\BOOKMARK [1][-]{section.2.9}{Dise\361ando una aplicaci\363n de ejemplo}{chapter.2}% 30
