This is pdfTeX, Version 3.1415926-2.5-1.40.14 (MiKTeX 2.9) (preloaded format=pdflatex 2014.12.4)  12 JAN 2015 08:46
entering extended mode
**microprocesadores.tex
(C:\Users\Casho\Documents\Latex\Microprocesadores\microprocesadores.tex
LaTeX2e <2014/05/01>
Babel <3.9l> and hyphenation patterns for 68 languages loaded.
("C:\Program Files (x86)\MiKTeX 2.9\tex\latex\base\book.cls"
Document Class: book 2014/09/29 v1.4h Standard LaTeX document class
("C:\Program Files (x86)\MiKTeX 2.9\tex\latex\base\bk12.clo"
File: bk12.clo 2014/09/29 v1.4h Standard LaTeX file (size option)
)
\c@part=\count79
\c@chapter=\count80
\c@section=\count81
\c@subsection=\count82
\c@subsubsection=\count83
\c@paragraph=\count84
\c@subparagraph=\count85
\c@figure=\count86
\c@table=\count87
\abovecaptionskip=\skip41
\belowcaptionskip=\skip42
\bibindent=\dimen102
)
("C:\Program Files (x86)\MiKTeX 2.9\tex\latex\base\inputenc.sty"
Package: inputenc 2014/04/30 v1.2b Input encoding file
\inpenc@prehook=\toks14
\inpenc@posthook=\toks15

("C:\Program Files (x86)\MiKTeX 2.9\tex\latex\base\utf8.def"
File: utf8.def 2014/09/29 v1.1m UTF-8 support for inputenc
Now handling font encoding OML ...
... no UTF-8 mapping file for font encoding OML
Now handling font encoding T1 ...
... processing UTF-8 mapping file for font encoding T1

("C:\Program Files (x86)\MiKTeX 2.9\tex\latex\base\t1enc.dfu"
File: t1enc.dfu 2014/09/29 v1.1m UTF-8 support for inputenc
   defining Unicode char U+00A1 (decimal 161)
   defining Unicode char U+00A3 (decimal 163)
   defining Unicode char U+00AB (decimal 171)
   defining Unicode char U+00BB (decimal 187)
   defining Unicode char U+00BF (decimal 191)
   defining Unicode char U+00C0 (decimal 192)
   defining Unicode char U+00C1 (decimal 193)
   defining Unicode char U+00C2 (decimal 194)
   defining Unicode char U+00C3 (decimal 195)
   defining Unicode char U+00C4 (decimal 196)
   defining Unicode char U+00C5 (decimal 197)
   defining Unicode char U+00C6 (decimal 198)
   defining Unicode char U+00C7 (decimal 199)
   defining Unicode char U+00C8 (decimal 200)
   defining Unicode char U+00C9 (decimal 201)
   defining Unicode char U+00CA (decimal 202)
   defining Unicode char U+00CB (decimal 203)
   defining Unicode char U+00CC (decimal 204)
   defining Unicode char U+00CD (decimal 205)
   defining Unicode char U+00CE (decimal 206)
   defining Unicode char U+00CF (decimal 207)
   defining Unicode char U+00D0 (decimal 208)
   defining Unicode char U+00D1 (decimal 209)
   defining Unicode char U+00D2 (decimal 210)
   defining Unicode char U+00D3 (decimal 211)
   defining Unicode char U+00D4 (decimal 212)
   defining Unicode char U+00D5 (decimal 213)
   defining Unicode char U+00D6 (decimal 214)
   defining Unicode char U+00D8 (decimal 216)
   defining Unicode char U+00D9 (decimal 217)
   defining Unicode char U+00DA (decimal 218)
   defining Unicode char U+00DB (decimal 219)
   defining Unicode char U+00DC (decimal 220)
   defining Unicode char U+00DD (decimal 221)
   defining Unicode char U+00DE (decimal 222)
   defining Unicode char U+00DF (decimal 223)
   defining Unicode char U+00E0 (decimal 224)
   defining Unicode char U+00E1 (decimal 225)
   defining Unicode char U+00E2 (decimal 226)
   defining Unicode char U+00E3 (decimal 227)
   defining Unicode char U+00E4 (decimal 228)
   defining Unicode char U+00E5 (decimal 229)
   defining Unicode char U+00E6 (decimal 230)
   defining Unicode char U+00E7 (decimal 231)
   defining Unicode char U+00E8 (decimal 232)
   defining Unicode char U+00E9 (decimal 233)
   defining Unicode char U+00EA (decimal 234)
   defining Unicode char U+00EB (decimal 235)
   defining Unicode char U+00EC (decimal 236)
   defining Unicode char U+00ED (decimal 237)
   defining Unicode char U+00EE (decimal 238)
   defining Unicode char U+00EF (decimal 239)
   defining Unicode char U+00F0 (decimal 240)
   defining Unicode char U+00F1 (decimal 241)
   defining Unicode char U+00F2 (decimal 242)
   defining Unicode char U+00F3 (decimal 243)
   defining Unicode char U+00F4 (decimal 244)
   defining Unicode char U+00F5 (decimal 245)
   defining Unicode char U+00F6 (decimal 246)
   defining Unicode char U+00F8 (decimal 248)
   defining Unicode char U+00F9 (decimal 249)
   defining Unicode char U+00FA (decimal 250)
   defining Unicode char U+00FB (decimal 251)
   defining Unicode char U+00FC (decimal 252)
   defining Unicode char U+00FD (decimal 253)
   defining Unicode char U+00FE (decimal 254)
   defining Unicode char U+00FF (decimal 255)
   defining Unicode char U+0102 (decimal 258)
   defining Unicode char U+0103 (decimal 259)
   defining Unicode char U+0104 (decimal 260)
   defining Unicode char U+0105 (decimal 261)
   defining Unicode char U+0106 (decimal 262)
   defining Unicode char U+0107 (decimal 263)
   defining Unicode char U+010C (decimal 268)
   defining Unicode char U+010D (decimal 269)
   defining Unicode char U+010E (decimal 270)
   defining Unicode char U+010F (decimal 271)
   defining Unicode char U+0110 (decimal 272)
   defining Unicode char U+0111 (decimal 273)
   defining Unicode char U+0118 (decimal 280)
   defining Unicode char U+0119 (decimal 281)
   defining Unicode char U+011A (decimal 282)
   defining Unicode char U+011B (decimal 283)
   defining Unicode char U+011E (decimal 286)
   defining Unicode char U+011F (decimal 287)
   defining Unicode char U+0130 (decimal 304)
   defining Unicode char U+0131 (decimal 305)
   defining Unicode char U+0132 (decimal 306)
   defining Unicode char U+0133 (decimal 307)
   defining Unicode char U+0139 (decimal 313)
   defining Unicode char U+013A (decimal 314)
   defining Unicode char U+013D (decimal 317)
   defining Unicode char U+013E (decimal 318)
   defining Unicode char U+0141 (decimal 321)
   defining Unicode char U+0142 (decimal 322)
   defining Unicode char U+0143 (decimal 323)
   defining Unicode char U+0144 (decimal 324)
   defining Unicode char U+0147 (decimal 327)
   defining Unicode char U+0148 (decimal 328)
   defining Unicode char U+014A (decimal 330)
   defining Unicode char U+014B (decimal 331)
   defining Unicode char U+0150 (decimal 336)
   defining Unicode char U+0151 (decimal 337)
   defining Unicode char U+0152 (decimal 338)
   defining Unicode char U+0153 (decimal 339)
   defining Unicode char U+0154 (decimal 340)
   defining Unicode char U+0155 (decimal 341)
   defining Unicode char U+0158 (decimal 344)
   defining Unicode char U+0159 (decimal 345)
   defining Unicode char U+015A (decimal 346)
   defining Unicode char U+015B (decimal 347)
   defining Unicode char U+015E (decimal 350)
   defining Unicode char U+015F (decimal 351)
   defining Unicode char U+0160 (decimal 352)
   defining Unicode char U+0161 (decimal 353)
   defining Unicode char U+0162 (decimal 354)
   defining Unicode char U+0163 (decimal 355)
   defining Unicode char U+0164 (decimal 356)
   defining Unicode char U+0165 (decimal 357)
   defining Unicode char U+016E (decimal 366)
   defining Unicode char U+016F (decimal 367)
   defining Unicode char U+0170 (decimal 368)
   defining Unicode char U+0171 (decimal 369)
   defining Unicode char U+0178 (decimal 376)
   defining Unicode char U+0179 (decimal 377)
   defining Unicode char U+017A (decimal 378)
   defining Unicode char U+017B (decimal 379)
   defining Unicode char U+017C (decimal 380)
   defining Unicode char U+017D (decimal 381)
   defining Unicode char U+017E (decimal 382)
   defining Unicode char U+200C (decimal 8204)
   defining Unicode char U+2013 (decimal 8211)
   defining Unicode char U+2014 (decimal 8212)
   defining Unicode char U+2018 (decimal 8216)
   defining Unicode char U+2019 (decimal 8217)
   defining Unicode char U+201A (decimal 8218)
   defining Unicode char U+201C (decimal 8220)
   defining Unicode char U+201D (decimal 8221)
   defining Unicode char U+201E (decimal 8222)
   defining Unicode char U+2030 (decimal 8240)
   defining Unicode char U+2031 (decimal 8241)
   defining Unicode char U+2039 (decimal 8249)
   defining Unicode char U+203A (decimal 8250)
   defining Unicode char U+2423 (decimal 9251)
)
Now handling font encoding OT1 ...
... processing UTF-8 mapping file for font encoding OT1

("C:\Program Files (x86)\MiKTeX 2.9\tex\latex\base\ot1enc.dfu"
File: ot1enc.dfu 2014/09/29 v1.1m UTF-8 support for inputenc
   defining Unicode char U+00A1 (decimal 161)
   defining Unicode char U+00A3 (decimal 163)
   defining Unicode char U+00B8 (decimal 184)
   defining Unicode char U+00BF (decimal 191)
   defining Unicode char U+00C5 (decimal 197)
   defining Unicode char U+00C6 (decimal 198)
   defining Unicode char U+00D8 (decimal 216)
   defining Unicode char U+00DF (decimal 223)
   defining Unicode char U+00E6 (decimal 230)
   defining Unicode char U+00EC (decimal 236)
   defining Unicode char U+00ED (decimal 237)
   defining Unicode char U+00EE (decimal 238)
   defining Unicode char U+00EF (decimal 239)
   defining Unicode char U+00F8 (decimal 248)
   defining Unicode char U+0131 (decimal 305)
   defining Unicode char U+0141 (decimal 321)
   defining Unicode char U+0142 (decimal 322)
   defining Unicode char U+0152 (decimal 338)
   defining Unicode char U+0153 (decimal 339)
   defining Unicode char U+2013 (decimal 8211)
   defining Unicode char U+2014 (decimal 8212)
   defining Unicode char U+2018 (decimal 8216)
   defining Unicode char U+2019 (decimal 8217)
   defining Unicode char U+201C (decimal 8220)
   defining Unicode char U+201D (decimal 8221)
)
Now handling font encoding OMS ...
... processing UTF-8 mapping file for font encoding OMS

("C:\Program Files (x86)\MiKTeX 2.9\tex\latex\base\omsenc.dfu"
File: omsenc.dfu 2014/09/29 v1.1m UTF-8 support for inputenc
   defining Unicode char U+00A7 (decimal 167)
   defining Unicode char U+00B6 (decimal 182)
   defining Unicode char U+00B7 (decimal 183)
   defining Unicode char U+2020 (decimal 8224)
   defining Unicode char U+2021 (decimal 8225)
   defining Unicode char U+2022 (decimal 8226)
)
Now handling font encoding OMX ...
... no UTF-8 mapping file for font encoding OMX
Now handling font encoding U ...
... no UTF-8 mapping file for font encoding U
   defining Unicode char U+00A9 (decimal 169)
   defining Unicode char U+00AA (decimal 170)
   defining Unicode char U+00AE (decimal 174)
   defining Unicode char U+00BA (decimal 186)
   defining Unicode char U+02C6 (decimal 710)
   defining Unicode char U+02DC (decimal 732)
   defining Unicode char U+200C (decimal 8204)
   defining Unicode char U+2026 (decimal 8230)
   defining Unicode char U+2122 (decimal 8482)
   defining Unicode char U+2423 (decimal 9251)
))
("C:\Program Files (x86)\MiKTeX 2.9\tex\latex\base\fontenc.sty"
Package: fontenc 2005/09/27 v1.99g Standard LaTeX package

("C:\Program Files (x86)\MiKTeX 2.9\tex\latex\base\t1enc.def"
File: t1enc.def 2005/09/27 v1.99g Standard LaTeX file
LaTeX Font Info:    Redeclaring font encoding T1 on input line 43.
))
("C:\Program Files (x86)\MiKTeX 2.9\tex\latex\geometry\geometry.sty"
Package: geometry 2010/09/12 v5.6 Page Geometry

("C:\Program Files (x86)\MiKTeX 2.9\tex\latex\graphics\keyval.sty"
Package: keyval 2014/10/28 v1.15 key=value parser (DPC)
\KV@toks@=\toks16
)
("C:\Program Files (x86)\MiKTeX 2.9\tex\generic\oberdiek\ifpdf.sty"
Package: ifpdf 2011/01/30 v2.3 Provides the ifpdf switch (HO)
Package ifpdf Info: pdfTeX in PDF mode is detected.
)
("C:\Program Files (x86)\MiKTeX 2.9\tex\generic\oberdiek\ifvtex.sty"
Package: ifvtex 2010/03/01 v1.5 Detect VTeX and its facilities (HO)
Package ifvtex Info: VTeX not detected.
)
("C:\Program Files (x86)\MiKTeX 2.9\tex\generic\ifxetex\ifxetex.sty"
Package: ifxetex 2010/09/12 v0.6 Provides ifxetex conditional
)
\Gm@cnth=\count88
\Gm@cntv=\count89
\c@Gm@tempcnt=\count90
\Gm@bindingoffset=\dimen103
\Gm@wd@mp=\dimen104
\Gm@odd@mp=\dimen105
\Gm@even@mp=\dimen106
\Gm@layoutwidth=\dimen107
\Gm@layoutheight=\dimen108
\Gm@layouthoffset=\dimen109
\Gm@layoutvoffset=\dimen110
\Gm@dimlist=\toks17

("C:\Program Files (x86)\MiKTeX 2.9\tex\latex\geometry\geometry.cfg"))
("C:\Program Files (x86)\MiKTeX 2.9\tex\latex\graphics\graphicx.sty"
Package: graphicx 2014/10/28 v1.0g Enhanced LaTeX Graphics (DPC,SPQR)

("C:\Program Files (x86)\MiKTeX 2.9\tex\latex\graphics\graphics.sty"
Package: graphics 2014/10/28 v1.0p Standard LaTeX Graphics (DPC,SPQR)

("C:\Program Files (x86)\MiKTeX 2.9\tex\latex\graphics\trig.sty"
Package: trig 1999/03/16 v1.09 sin cos tan (DPC)
)
("C:\Program Files (x86)\MiKTeX 2.9\tex\latex\00miktex\graphics.cfg"
File: graphics.cfg 2007/01/18 v1.5 graphics configuration of teTeX/TeXLive
)
Package graphics Info: Driver file: pdftex.def on input line 91.

("C:\Program Files (x86)\MiKTeX 2.9\tex\latex\pdftex-def\pdftex.def"
File: pdftex.def 2011/05/27 v0.06d Graphics/color for pdfTeX

("C:\Program Files (x86)\MiKTeX 2.9\tex\generic\oberdiek\infwarerr.sty"
Package: infwarerr 2010/04/08 v1.3 Providing info/warning/error messages (HO)
)
("C:\Program Files (x86)\MiKTeX 2.9\tex\generic\oberdiek\ltxcmds.sty"
Package: ltxcmds 2011/11/09 v1.22 LaTeX kernel commands for general use (HO)
)
\Gread@gobject=\count91
))
\Gin@req@height=\dimen111
\Gin@req@width=\dimen112
)
("C:\Program Files (x86)\MiKTeX 2.9\tex\latex\babel\babel.sty"
Package: babel 2014/09/25 3.9l The Babel package

*************************************
* Local config file bblopts.cfg used
*
("C:\Program Files (x86)\MiKTeX 2.9\tex\latex\00miktex\bblopts.cfg"
File: bblopts.cfg 2006/07/31 v1.0 MiKTeX 'babel' configuration
)
("C:\Program Files (x86)\MiKTeX 2.9\tex\latex\babel-spanish\spanish.ldf"
Language: spanish.ldf 2014/04/24 v5.0n Spanish support from the babel system

("C:\Program Files (x86)\MiKTeX 2.9\tex\latex\babel\babel.def"
File: babel.def 2014/09/25 3.9l Babel common definitions
\babel@savecnt=\count92
\U@D=\dimen113
)
\es@quottoks=\toks18
\es@quotdepth=\count93
Package babel Info: Making " an active character on input line 516.
Package babel Info: Making . an active character on input line 617.
Package babel Info: Making < an active character on input line 662.
Package babel Info: Making > an active character on input line 662.
))
("C:\Program Files (x86)\MiKTeX 2.9\tex\latex\amscls\amsthm.sty"
Package: amsthm 2009/07/02 v2.20.1
\thm@style=\toks19
\thm@bodyfont=\toks20
\thm@headfont=\toks21
\thm@notefont=\toks22
\thm@headpunct=\toks23
\thm@preskip=\skip43
\thm@postskip=\skip44
\thm@headsep=\skip45
\dth@everypar=\toks24
)
("C:\Program Files (x86)\MiKTeX 2.9\tex\latex\amsmath\amsmath.sty"
Package: amsmath 2013/01/14 v2.14 AMS math features
\@mathmargin=\skip46

For additional information on amsmath, use the `?' option.
("C:\Program Files (x86)\MiKTeX 2.9\tex\latex\amsmath\amstext.sty"
Package: amstext 2000/06/29 v2.01

("C:\Program Files (x86)\MiKTeX 2.9\tex\latex\amsmath\amsgen.sty"
File: amsgen.sty 1999/11/30 v2.0
\@emptytoks=\toks25
\ex@=\dimen114
))
("C:\Program Files (x86)\MiKTeX 2.9\tex\latex\amsmath\amsbsy.sty"
Package: amsbsy 1999/11/29 v1.2d
\pmbraise@=\dimen115
)
("C:\Program Files (x86)\MiKTeX 2.9\tex\latex\amsmath\amsopn.sty"
Package: amsopn 1999/12/14 v2.01 operator names
)
\inf@bad=\count94
LaTeX Info: Redefining \frac on input line 210.
\uproot@=\count95
\leftroot@=\count96
LaTeX Info: Redefining \overline on input line 306.
\classnum@=\count97
\DOTSCASE@=\count98
LaTeX Info: Redefining \ldots on input line 378.
LaTeX Info: Redefining \dots on input line 381.
LaTeX Info: Redefining \cdots on input line 466.
\Mathstrutbox@=\box26
\strutbox@=\box27
\big@size=\dimen116
LaTeX Font Info:    Redeclaring font encoding OML on input line 566.
LaTeX Font Info:    Redeclaring font encoding OMS on input line 567.
\macc@depth=\count99
\c@MaxMatrixCols=\count100
\dotsspace@=\muskip10
\c@parentequation=\count101
\dspbrk@lvl=\count102
\tag@help=\toks26
\row@=\count103
\column@=\count104
\maxfields@=\count105
\andhelp@=\toks27
\eqnshift@=\dimen117
\alignsep@=\dimen118
\tagshift@=\dimen119
\tagwidth@=\dimen120
\totwidth@=\dimen121
\lineht@=\dimen122
\@envbody=\toks28
\multlinegap=\skip47
\multlinetaggap=\skip48
\mathdisplay@stack=\toks29
LaTeX Info: Redefining \[ on input line 2665.
LaTeX Info: Redefining \] on input line 2666.
)
("C:\Program Files (x86)\MiKTeX 2.9\tex\latex\trfsigns\trfsigns.sty"
Package: trfsigns 
)
\c@thm=\count106
\c@dfn=\count107
\c@note=\count108

("C:\Program Files (x86)\MiKTeX 2.9\tex\latex\fancyhdr\fancyhdr.sty"
\fancy@headwidth=\skip49
\f@ncyO@elh=\skip50
\f@ncyO@erh=\skip51
\f@ncyO@olh=\skip52
\f@ncyO@orh=\skip53
\f@ncyO@elf=\skip54
\f@ncyO@erf=\skip55
\f@ncyO@olf=\skip56
\f@ncyO@orf=\skip57
)
(C:\Users\Casho\Documents\Latex\Microprocesadores\microprocesadores.aux
LaTeX Info: Redefining \. on input line 6.
LaTeX Info: Redefining \% on input line 6.
)
LaTeX Font Info:    Checking defaults for OML/cmm/m/it on input line 55.
LaTeX Font Info:    ... okay on input line 55.
LaTeX Font Info:    Checking defaults for T1/cmr/m/n on input line 55.
LaTeX Font Info:    ... okay on input line 55.
LaTeX Font Info:    Checking defaults for OT1/cmr/m/n on input line 55.
LaTeX Font Info:    ... okay on input line 55.
LaTeX Font Info:    Checking defaults for OMS/cmsy/m/n on input line 55.
LaTeX Font Info:    ... okay on input line 55.
LaTeX Font Info:    Checking defaults for OMX/cmex/m/n on input line 55.
LaTeX Font Info:    ... okay on input line 55.
LaTeX Font Info:    Checking defaults for U/cmr/m/n on input line 55.
LaTeX Font Info:    ... okay on input line 55.

*geometry* driver: auto-detecting
*geometry* detected driver: pdftex
*geometry* verbose mode - [ preamble ] result:
* driver: pdftex
* paper: letterpaper
* layout: <same size as paper>
* layoutoffset:(h,v)=(0.0pt,0.0pt)
* modes: twoside 
* h-part:(L,W,R)=(73.71613pt, 430.00462pt, 110.57425pt)
* v-part:(T,H,B)=(95.39737pt, 556.47656pt, 143.09605pt)
* \paperwidth=614.295pt
* \paperheight=794.96999pt
* \textwidth=430.00462pt
* \textheight=556.47656pt
* \oddsidemargin=1.44614pt
* \evensidemargin=38.30426pt
* \topmargin=-8.74641pt
* \headheight=15.0pt
* \headsep=19.8738pt
* \topskip=12.0pt
* \footskip=30.0pt
* \marginparwidth=98.0pt
* \marginparsep=7.0pt
* \columnsep=10.0pt
* \skip\footins=10.8pt plus 4.0pt minus 2.0pt
* \hoffset=0.0pt
* \voffset=0.0pt
* \mag=1000
* \@twocolumnfalse
* \@twosidetrue
* \@mparswitchtrue
* \@reversemarginfalse
* (1in=72.27pt=25.4mm, 1cm=28.453pt)

("C:\Program Files (x86)\MiKTeX 2.9\tex\context\base\supp-pdf.mkii"
[Loading MPS to PDF converter (version 2006.09.02).]
\scratchcounter=\count109
\scratchdimen=\dimen123
\scratchbox=\box28
\nofMPsegments=\count110
\nofMParguments=\count111
\everyMPshowfont=\toks30
\MPscratchCnt=\count112
\MPscratchDim=\dimen124
\MPnumerator=\count113
\makeMPintoPDFobject=\count114
\everyMPtoPDFconversion=\toks31
)
LaTeX Info: Redefining \. on input line 55.
LaTeX Info: Redefining \% on input line 55.
 [1



{C:/ProgramData/MiKTeX/2.9/pdftex/config/pdftex.map}]
LaTeX Font Info:    Try loading font information for OMS+cmr on input line 60.

("C:\Program Files (x86)\MiKTeX 2.9\tex\latex\base\omscmr.fd"
File: omscmr.fd 2014/09/29 v2.5h Standard LaTeX font definitions
)
LaTeX Font Info:    Font shape `OMS/cmr/m/it' in size <12> not available
(Font)              Font shape `OMS/cmsy/m/n' tried instead on input line 60.
LaTeX Font Info:    Font shape `OMS/cmr/m/n' in size <12> not available
(Font)              Font shape `OMS/cmsy/m/n' tried instead on input line 60.
 [2

] [3]
LaTeX Info: Redefining \. on input line 75.
LaTeX Info: Redefining \% on input line 75.
 [4

]
(C:\Users\Casho\Documents\Latex\Microprocesadores\microprocesadores.toc
LaTeX Info: Redefining \. on input line 1.
LaTeX Info: Redefining \% on input line 1.

[5])
\tf@toc=\write3
LaTeX Info: Redefining \. on input line 77.
LaTeX Info: Redefining \% on input line 77.
 [6]
Cap\'{\i }tulo 1.
[1


]
LaTeX Info: Redefining \. on input line 137.
LaTeX Info: Redefining \% on input line 137.
 [2] <reloj.jpg, id=42, 336.50719pt x 179.92218pt>
File: reloj.jpg Graphic file (type jpg)
 <use reloj.jpg>
Package pdftex.def Info: reloj.jpg used on input line 140.
(pdftex.def)             Requested size: 361.34999pt x 193.20667pt.

<TablaEstado.jpg, id=43, 547.2947pt x 286.06876pt>
File: TablaEstado.jpg Graphic file (type jpg)
 <use TablaEstado.jpg>
Package pdftex.def Info: TablaEstado.jpg used on input line 152.
(pdftex.def)             Requested size: 361.34999pt x 188.88016pt.
LaTeX Info: Redefining \. on input line 160.
LaTeX Info: Redefining \% on input line 160.

[3 <C:/Users/Casho/Documents/Latex/Microprocesadores/reloj.jpg>]
<DiagramaEstado.jpg, id=47, 448.67625pt x 287.57437pt>
File: DiagramaEstado.jpg Graphic file (type jpg)

<use DiagramaEstado.jpg>
Package pdftex.def Info: DiagramaEstado.jpg used on input line 166.
(pdftex.def)             Requested size: 361.34999pt x 231.61316pt.

Underfull \vbox (badness 3049) has occurred while \output is active []

LaTeX Info: Redefining \. on input line 186.
LaTeX Info: Redefining \% on input line 186.
 [4 <C:/Users/Casho/Documents/Latex/Microprocesadores/TablaEstado.jpg>]
<ASMestado.jpg, id=51, 261.97874pt x 142.28156pt>
File: ASMestado.jpg Graphic file (type jpg)
 <use ASMestado.jpg>
Package pdftex.def Info: ASMestado.jpg used on input line 190.
(pdftex.def)             Requested size: 216.81pt x 117.75279pt.

<ASMdecisiones.jpg, id=52, 522.45187pt x 232.61906pt>
File: ASMdecisiones.jpg Graphic file (type jpg)
 <use ASMdecisiones.jpg>
Package pdftex.def Info: ASMdecisiones.jpg used on input line 203.
(pdftex.def)             Requested size: 289.07999pt x 128.7111pt.
LaTeX Info: Redefining \. on input line 215.
LaTeX Info: Redefining \% on input line 215.

[5 <C:/Users/Casho/Documents/Latex/Microprocesadores/DiagramaEstado.jpg>]
LaTeX Info: Redefining \. on input line 215.
LaTeX Info: Redefining \% on input line 215.

[6 <C:/Users/Casho/Documents/Latex/Microprocesadores/ASMestado.jpg> <C:/Users/C
asho/Documents/Latex/Microprocesadores/ASMdecisiones.jpg>]
<ASMnocondicional.jpg, id=59, 218.31563pt x 138.5175pt>
File: ASMnocondicional.jpg Graphic file (type jpg)

<use ASMnocondicional.jpg>
Package pdftex.def Info: ASMnocondicional.jpg used on input line 218.
(pdftex.def)             Requested size: 180.67499pt x 114.63553pt.

<ASMcondicional.jpg, id=60, 318.43968pt x 253.69781pt>
File: ASMcondicional.jpg Graphic file (type jpg)

<use ASMcondicional.jpg>
Package pdftex.def Info: ASMcondicional.jpg used on input line 230.
(pdftex.def)             Requested size: 216.81pt x 172.729pt.
LaTeX Info: Redefining \. on input line 243.
LaTeX Info: Redefining \% on input line 243.
 [7 <C:/Users/Casho/Documents/Latex/Microprocesadores/ASMnocondicional.jpg> <C:
/Users/Casho/Documents/Latex/Microprocesadores/ASMcondicional.jpg>] <EjemploMaq
uina1.jpg, id=65, 360.59718pt x 134.00063pt>
File: EjemploMaquina1.jpg Graphic file (type jpg)

<use EjemploMaquina1.jpg>
Package pdftex.def Info: EjemploMaquina1.jpg used on input line 260.
(pdftex.def)             Requested size: 216.81pt x 80.56863pt.
 <ASMEjemplo1.jpg, id=66, 466.74374pt x 406.51875pt>
File: ASMEjemplo1.jpg Graphic file (type jpg)

<use ASMEjemplo1.jpg>
Package pdftex.def Info: ASMEjemplo1.jpg used on input line 269.
(pdftex.def)             Requested size: 216.81pt x 188.83696pt.
LaTeX Font Info:    Try loading font information for T1+cmtt on input line 282.


("C:\Program Files (x86)\MiKTeX 2.9\tex\latex\base\t1cmtt.fd"
File: t1cmtt.fd 2014/09/29 v2.5h Standard LaTeX font definitions
)
LaTeX Info: Redefining \. on input line 289.
LaTeX Info: Redefining \% on input line 289.
 [8 <C:/Users/Casho/Documents/Latex/Microprocesadores/EjemploMaquina1.jpg>]
<bloquesejemplo1b.jpg, id=71, 529.22719pt x 249.18094pt>
File: bloquesejemplo1b.jpg Graphic file (type jpg)

<use bloquesejemplo1b.jpg>
Package pdftex.def Info: bloquesejemplo1b.jpg used on input line 298.
(pdftex.def)             Requested size: 216.81pt x 102.08119pt.
 <ASMejemplo2.jpg, id=72, 534.49687pt x 347.79938pt>
File: ASMejemplo2.jpg Graphic file (type jpg)

<use ASMejemplo2.jpg>
Package pdftex.def Info: ASMejemplo2.jpg used on input line 312.
(pdftex.def)             Requested size: 216.81pt x 141.08086pt.
LaTeX Info: Redefining \. on input line 315.
LaTeX Info: Redefining \% on input line 315.
 [9 <C:/Users/Casho/Documents/Latex/Microprocesadores/ASMEjemplo1.jpg> <C:/User
s/Casho/Documents/Latex/Microprocesadores/bloquesejemplo1b.jpg>] <ASMbloques3.j
pg, id=76, 694.09312pt x 240.14719pt>
File: ASMbloques3.jpg Graphic file (type jpg)

<use ASMbloques3.jpg>
Package pdftex.def Info: ASMbloques3.jpg used on input line 345.
(pdftex.def)             Requested size: 289.07999pt x 100.02197pt.
 <ASMejemplo3.jpg, id=77, 514.92375pt x 462.22687pt>
File: ASMejemplo3.jpg Graphic file (type jpg)

<use ASMejemplo3.jpg>
Package pdftex.def Info: ASMejemplo3.jpg used on input line 354.
(pdftex.def)             Requested size: 289.07999pt x 259.5012pt.
LaTeX Info: Redefining \. on input line 365.
LaTeX Info: Redefining \% on input line 365.
 [10 <C:/Users/Casho/Documents/Latex/Microprocesadores/ASMejemplo2.jpg>]
LaTeX Info: Redefining \. on input line 365.
LaTeX Info: Redefining \% on input line 365.
 [11 <C:/Users/Casho/Documents/Latex/Microprocesadores/ASMbloques3.jpg> <C:/Use
rs/Casho/Documents/Latex/Microprocesadores/ASMejemplo3.jpg>]
<ASMbloque4.jpg, id=84, 465.23813pt x 135.50626pt>
File: ASMbloque4.jpg Graphic file (type jpg)
 <use ASMbloque4.jpg>
Package pdftex.def Info: ASMbloque4.jpg used on input line 383.
(pdftex.def)             Requested size: 289.07999pt x 84.20114pt.

<ASMejemplo4.jpg, id=85, 343.2825pt x 272.51813pt>
File: ASMejemplo4.jpg Graphic file (type jpg)
 <use ASMejemplo4.jpg>
Package pdftex.def Info: ASMejemplo4.jpg used on input line 392.
(pdftex.def)             Requested size: 289.07999pt x 229.4875pt.

<ASMejemplo5.jpg, id=86, 776.9025pt x 420.06938pt>
File: ASMejemplo5.jpg Graphic file (type jpg)
 <use ASMejemplo5.jpg>
Package pdftex.def Info: ASMejemplo5.jpg used on input line 409.
(pdftex.def)             Requested size: 289.07999pt x 156.30779pt.
LaTeX Info: Redefining \. on input line 415.
LaTeX Info: Redefining \% on input line 415.

[12 <C:/Users/Casho/Documents/Latex/Microprocesadores/ASMbloque4.jpg>]
LaTeX Info: Redefining \. on input line 415.
LaTeX Info: Redefining \% on input line 415.
 [13 <C:/Users/Casho/Documents/Latex/Microprocesadores/ASMejemplo4.jpg> <C:/Use
rs/Casho/Documents/Latex/Microprocesadores/ASMejemplo5.jpg>]
<ASMtiempos1.jpg, id=94, 487.06969pt x 277.78781pt>
File: ASMtiempos1.jpg Graphic file (type jpg)
 <use ASMtiempos1.jpg>
Package pdftex.def Info: ASMtiempos1.jpg used on input line 420.
(pdftex.def)             Requested size: 252.94499pt x 144.25974pt.

<ASMtiempos2.jpg, id=95, 633.11531pt x 423.08063pt>
File: ASMtiempos2.jpg Graphic file (type jpg)
 <use ASMtiempos2.jpg>
Package pdftex.def Info: ASMtiempos2.jpg used on input line 430.
(pdftex.def)             Requested size: 252.94499pt x 169.02911pt.
LaTeX Info: Redefining \. on input line 439.
LaTeX Info: Redefining \% on input line 439.

[14 <C:/Users/Casho/Documents/Latex/Microprocesadores/ASMtiempos1.jpg> <C:/User
s/Casho/Documents/Latex/Microprocesadores/ASMtiempos2.jpg>]
Cap\'{\i }tulo 2.
<computerbasica.jpg, id=99, 623.32875pt x 385.44pt>
File: computerbasica.jpg Graphic file (type jpg)
 <use computerbasica.jpg>
Package pdftex.def Info: computerbasica.jpg used on input line 446.
(pdftex.def)             Requested size: 361.34999pt x 223.4436pt.

[15

] <UCC.jpg, id=103, 562.35094pt x 397.485pt>
File: UCC.jpg Graphic file (type jpg)
 <use UCC.jpg>
Package pdftex.def Info: UCC.jpg used on input line 478.
(pdftex.def)             Requested size: 361.34999pt x 255.41454pt.
LaTeX Info: Redefining \. on input line 500.
LaTeX Info: Redefining \% on input line 500.
 [16 <C:/Users/Casho/Documents/Latex/Microprocesadores/computerbasica.jpg>]
LaTeX Info: Redefining \. on input line 500.
LaTeX Info: Redefining \% on input line 500.
 [17 <C:/Users/Casho/Documents/Latex/Microprocesadores/UCC.jpg>]
<ALU.jpg, id=110, 563.85657pt x 405.76593pt>
File: ALU.jpg Graphic file (type jpg)
 <use ALU.jpg>
Package pdftex.def Info: ALU.jpg used on input line 516.
(pdftex.def)             Requested size: 289.07999pt x 208.02759pt.
LaTeX Info: Redefining \. on input line 530.
LaTeX Info: Redefining \% on input line 530.
 [18 <C:/Users/Casho/Documents/Latex/Microprocesadores/ALU.jpg>]
<ALU2.jpg, id=114, 671.50874pt x 261.97874pt>
File: ALU2.jpg Graphic file (type jpg)
 <use ALU2.jpg>
Package pdftex.def Info: ALU2.jpg used on input line 534.
(pdftex.def)             Requested size: 289.07999pt x 112.78058pt.

<tabla1.jpg, id=115, 595.47469pt x 331.2375pt>
File: tabla1.jpg Graphic file (type jpg)
 <use tabla1.jpg>
Package pdftex.def Info: tabla1.jpg used on input line 549.
(pdftex.def)             Requested size: 289.07999pt x 160.8016pt.

<tabla2.jpg, id=116, 532.23843pt x 237.13594pt>
File: tabla2.jpg Graphic file (type jpg)
 <use tabla2.jpg>
Package pdftex.def Info: tabla2.jpg used on input line 557.
(pdftex.def)             Requested size: 289.07999pt x 128.80049pt.

<tabla3.jpg, id=117, 432.86719pt x 217.5628pt>
File: tabla3.jpg Graphic file (type jpg)
 <use tabla3.jpg>
Package pdftex.def Info: tabla3.jpg used on input line 564.
(pdftex.def)             Requested size: 289.07999pt x 145.30156pt.
LaTeX Info: Redefining \. on input line 571.
LaTeX Info: Redefining \% on input line 571.
 [19 <C:/Users/Casho/Documents/Latex/Microprocesadores/ALU2.jpg> <C:/Users/Cash
o/Documents/Latex/Microprocesadores/tabla1.jpg>]
LaTeX Info: Redefining \. on input line 571.
LaTeX Info: Redefining \% on input line 571.
 [20 <C:/Users/Casho/Documents/Latex/Microprocesadores/tabla2.jpg> <C:/Users/Ca
sho/Documents/Latex/Microprocesadores/tabla3.jpg>] <tabla4.jpg, id=125, 298.113
75pt x 153.57375pt>
File: tabla4.jpg Graphic file (type jpg)
 <use tabla4.jpg>
Package pdftex.def Info: tabla4.jpg used on input line 582.
(pdftex.def)             Requested size: 216.81pt x 111.69078pt.
LaTeX Info: Redefining \. on input line 607.
LaTeX Info: Redefining \% on input line 607.
 [21 <C:/Users/Casho/Documents/Latex/Microprocesadores/tabla4.jpg>]
<UCP.jpg, id=129, 618.05907pt x 318.43968pt>
File: UCP.jpg Graphic file (type jpg)
 <use UCP.jpg>
Package pdftex.def Info: UCP.jpg used on input line 610.
(pdftex.def)             Requested size: 216.81pt x 111.70335pt.

<UCI.jpg, id=130, 482.55281pt x 252.19218pt>
File: UCI.jpg Graphic file (type jpg)
 <use UCI.jpg>
Package pdftex.def Info: UCI.jpg used on input line 633.
(pdftex.def)             Requested size: 216.81pt x 113.30841pt.
LaTeX Info: Redefining \. on input line 643.
LaTeX Info: Redefining \% on input line 643.
 [22 <C:/Users/Casho/Documents/Latex/Microprocesadores/UCP.jpg>]
LaTeX Info: Redefining \. on input line 643.
LaTeX Info: Redefining \% on input line 643.
 [23 <C:/Users/Casho/Documents/Latex/Microprocesadores/UCI.jpg>]
LaTeX Info: Redefining \. on input line 643.
LaTeX Info: Redefining \% on input line 643.
 [24

]
Cap\'{\i }tulo 3.
<Biestable.jpg, id=140, 438.13687pt x 240.9pt>
File: Biestable.jpg Graphic file (type jpg)
 <use Biestable.jpg>
Package pdftex.def Info: Biestable.jpg used on input line 654.
(pdftex.def)             Requested size: 361.34999pt x 198.68245pt.

<biestable2.jpg, id=141, 130.23656pt x 232.61906pt>
File: biestable2.jpg Graphic file (type jpg)
 <use biestable2.jpg>
Package pdftex.def Info: biestable2.jpg used on input line 666.
(pdftex.def)             Requested size: 108.405pt x 193.62747pt.

[25]
LaTeX Info: Redefining \. on input line 675.
LaTeX Info: Redefining \% on input line 675.
 [26 <C:/Users/Casho/Documents/Latex/Microprocesadores/Biestable.jpg> <C:/Users
/Casho/Documents/Latex/Microprocesadores/biestable2.jpg>]
<entrada.jpg, id=150, 463.7325pt x 266.49562pt>
File: entrada.jpg Graphic file (type jpg)
 <use entrada.jpg>
Package pdftex.def Info: entrada.jpg used on input line 684.
(pdftex.def)             Requested size: 361.34999pt x 207.66241pt.

<entrada2.jpg, id=151, 540.51938pt x 303.38344pt>
File: entrada2.jpg Graphic file (type jpg)
 <use entrada2.jpg>
Package pdftex.def Info: entrada2.jpg used on input line 693.
(pdftex.def)             Requested size: 361.34999pt x 202.82143pt.
LaTeX Info: Redefining \. on input line 703.
LaTeX Info: Redefining \% on input line 703.
 [27 <C:/Users/Casho/Documents/Latex/Microprocesadores/entrada.jpg>]
<entrada3.jpg, id=155, 621.07031pt x 353.06906pt>
File: entrada3.jpg Graphic file (type jpg)
 <use entrada3.jpg>
Package pdftex.def Info: entrada3.jpg used on input line 708.
(pdftex.def)             Requested size: 361.34999pt x 205.4213pt.
LaTeX Info: Redefining \. on input line 719.
LaTeX Info: Redefining \% on input line 719.
 [28 <C:/Users/Casho/Documents/Latex/Microprocesadores/entrada2.jpg>]
<entrada4.jpg, id=159, 591.71063pt x 466.74374pt>
File: entrada4.jpg Graphic file (type jpg)
 <use entrada4.jpg>
Package pdftex.def Info: entrada4.jpg used on input line 722.
(pdftex.def)             Requested size: 361.34999pt x 285.04088pt.
LaTeX Info: Redefining \. on input line 727.
LaTeX Info: Redefining \% on input line 727.
 [29 <C:/Users/Casho/Documents/Latex/Microprocesadores/entrada3.jpg>]
LaTeX Info: Redefining \. on input line 727.
LaTeX Info: Redefining \% on input line 727.
 [30 <C:/Users/Casho/Documents/Latex/Microprocesadores/entrada4.jpg>]
Cap\'{\i }tulo 4.
[31

] <HistoriaARM.jpg, id=171, 743.02594pt x 307.1475pt>
File: HistoriaARM.jpg Graphic file (type jpg)
 <use HistoriaARM.jpg>
Package pdftex.def Info: HistoriaARM.jpg used on input line 747.
(pdftex.def)             Requested size: 361.34999pt x 149.3741pt.
LaTeX Info: Redefining \. on input line 755.
LaTeX Info: Redefining \% on input line 755.

[32 <C:/Users/Casho/Documents/Latex/Microprocesadores/HistoriaARM.jpg>]
<Nombres.jpg, id=175, 734.745pt x 714.41907pt>
File: Nombres.jpg Graphic file (type jpg)
 <use Nombres.jpg>
Package pdftex.def Info: Nombres.jpg used on input line 761.
(pdftex.def)             Requested size: 361.34999pt x 351.35474pt.

<CISC_RISC.jpg, id=176, 548.0475pt x 220.57407pt>
File: CISC_RISC.jpg Graphic file (type jpg)
 <use CISC_RISC.jpg>
Package pdftex.def Info: CISC_RISC.jpg used on input line 773.
(pdftex.def)             Requested size: 361.34999pt x 145.4346pt.
LaTeX Info: Redefining \. on input line 782.
LaTeX Info: Redefining \% on input line 782.
 [33]
LaTeX Info: Redefining \. on input line 782.
LaTeX Info: Redefining \% on input line 782.

[34 <C:/Users/Casho/Documents/Latex/Microprocesadores/Nombres.jpg>]
LaTeX Info: Redefining \. on input line 789.
LaTeX Info: Redefining \% on input line 789.
 [35 <C:/Users/Casho/Documents/Latex/Microprocesadores/CISC_RISC.jpg>]
<Microcontroller.jpg, id=186, 537.50812pt x 360.59718pt>
File: Microcontroller.jpg Graphic file (type jpg)

<use Microcontroller.jpg>
Package pdftex.def Info: Microcontroller.jpg used on input line 795.
(pdftex.def)             Requested size: 361.34999pt x 242.41869pt.
LaTeX Info: Redefining \. on input line 803.
LaTeX Info: Redefining \% on input line 803.
 [36 <C:/Users/Casho/Documents/Latex/Microprocesadores/Microcontroller.jpg>]
LaTeX Info: Redefining \. on input line 810.
LaTeX Info: Redefining \% on input line 810.
 [37]
LaTeX Info: Redefining \. on input line 810.
LaTeX Info: Redefining \% on input line 810.
 [38

]
Cap\'{\i }tulo 5.
[39] <InverterDelay.jpg, id=200, 440.39531pt x 343.2825pt>
File: InverterDelay.jpg Graphic file (type jpg)

<use InverterDelay.jpg>
Package pdftex.def Info: InverterDelay.jpg used on input line 832.
(pdftex.def)             Requested size: 289.07999pt x 225.34143pt.
 <Anddelay.jpg, id=201, 428.35031pt x 338.76563pt>
File: Anddelay.jpg Graphic file (type jpg)

<use Anddelay.jpg>
Package pdftex.def Info: Anddelay.jpg used on input line 841.
(pdftex.def)             Requested size: 289.07999pt x 228.62073pt.
LaTeX Info: Redefining \. on input line 851.
LaTeX Info: Redefining \% on input line 851.
 [40]
LaTeX Info: Redefining \. on input line 851.
LaTeX Info: Redefining \% on input line 851.
 [41 <C:/Users/Casho/Documents/Latex/Microprocesadores/InverterDelay.jpg> <C:/U
sers/Casho/Documents/Latex/Microprocesadores/Anddelay.jpg>]
LaTeX Info: Redefining \. on input line 851.
LaTeX Info: Redefining \% on input line 851.
 [42

]
(C:\Users\Casho\Documents\Latex\Microprocesadores\microprocesadores.aux
LaTeX Info: Redefining \. on input line 6.
LaTeX Info: Redefining \% on input line 6.
) ) 
Here is how much of TeX's memory you used:
 3993 strings out of 493705
 51037 string characters out of 3142200
 122647 words of memory out of 3000000
 7215 multiletter control sequences out of 15000+200000
 19122 words of font info for 46 fonts, out of 3000000 for 9000
 1025 hyphenation exceptions out of 8191
 35i,13n,45p,842b,600s stack positions out of 5000i,500n,10000p,200000b,50000s
 <C:\Users\Casho\AppData\Local\MiKTeX\2.9\fonts\pk\ljfour\jknappen\ec\dpi600
\ecbi2488.pk> <C:\Users\Casho\AppData\Local\MiKTeX\2.9\fonts\pk\ljfour\jknappen
\ec\dpi600\ectt1200.pk> <C:\Users\Casho\AppData\Local\MiKTeX\2.9\fonts\pk\ljfou
r\jknappen\ec\dpi600\ecbx1440.pk> <C:\Users\Casho\AppData\Local\MiKTeX\2.9\font
s\pk\ljfour\jknappen\ec\dpi600\ecbx1728.pk> <C:\Users\Casho\AppData\Local\MiKTe
X\2.9\fonts\pk\ljfour\jknappen\ec\dpi600\ecbi1200.pk> <C:\Users\Casho\AppData\L
ocal\MiKTeX\2.9\fonts\pk\ljfour\jknappen\ec\dpi600\ecxc1200.pk> <C:\Users\Casho
\AppData\Local\MiKTeX\2.9\fonts\pk\ljfour\jknappen\ec\dpi600\ecbx1200.pk> <C:\U
sers\Casho\AppData\Local\MiKTeX\2.9\fonts\pk\ljfour\jknappen\ec\dpi600\ecbx2488
.pk> <C:\Users\Casho\AppData\Local\MiKTeX\2.9\fonts\pk\ljfour\jknappen\ec\dpi60
0\ecti1200.pk> <C:\Users\Casho\AppData\Local\MiKTeX\2.9\fonts\pk\ljfour\jknappe
n\ec\dpi600\ecrm1200.pk> <C:\Users\Casho\AppData\Local\MiKTeX\2.9\fonts\pk\ljfo
ur\jknappen\ec\dpi600\eccc1200.pk> <C:\Users\Casho\AppData\Local\MiKTeX\2.9\fon
ts\pk\ljfour\jknappen\ec\dpi600\ecrm1440.pk> <C:\Users\Casho\AppData\Local\MiKT
eX\2.9\fonts\pk\ljfour\jknappen\ec\dpi600\ecrm2074.pk><C:/Program Files (x86)/M
iKTeX 2.9/fonts/type1/public/amsfonts/cm/cmmi12.pfb><C:/Program Files (x86)/MiK
TeX 2.9/fonts/type1/public/amsfonts/cm/cmmi6.pfb><C:/Program Files (x86)/MiKTeX
 2.9/fonts/type1/public/amsfonts/cm/cmmi8.pfb><C:/Program Files (x86)/MiKTeX 2.
9/fonts/type1/public/amsfonts/cm/cmr12.pfb><C:/Program Files (x86)/MiKTeX 2.9/f
onts/type1/public/amsfonts/cm/cmr8.pfb><C:/Program Files (x86)/MiKTeX 2.9/fonts
/type1/public/amsfonts/cm/cmsy10.pfb>
Output written on microprocesadores.pdf (48 pages, 2142692 bytes).
PDF statistics:
 683 PDF objects out of 1000 (max. 8388607)
 0 named destinations out of 1000 (max. 500000)
 201 words of extra memory for PDF output out of 10000 (max. 10000000)

