This is pdfTeX, Version 3.1415926-1.40.10 (MiKTeX 2.8) (preloaded format=pdflatex 2010.1.12)  5 APR 2010 10:06
entering extended mode
**C:/Users/Casho/Documents/Latex/Control/Teoría*de*Control.tex
("C:/Users/Casho/Documents/Latex/Control/Teoría de Control.tex"
LaTeX2e <2009/09/24>
Babel <v3.8l> and hyphenation patterns for english, dumylang, nohyphenation, ge
rman, ngerman, german-x-2009-06-19, ngerman-x-2009-06-19, french, loaded.
("C:\Program Files\MiKTeX 2.8\tex\latex\base\book.cls"
Document Class: book 2007/10/19 v1.4h Standard LaTeX document class
("C:\Program Files\MiKTeX 2.8\tex\latex\base\bk12.clo"
File: bk12.clo 2007/10/19 v1.4h Standard LaTeX file (size option)
)
\c@part=\count79
\c@chapter=\count80
\c@section=\count81
\c@subsection=\count82
\c@subsubsection=\count83
\c@paragraph=\count84
\c@subparagraph=\count85
\c@figure=\count86
\c@table=\count87
\abovecaptionskip=\skip41
\belowcaptionskip=\skip42
\bibindent=\dimen102
)
("C:\Program Files\MiKTeX 2.8\tex\latex\base\inputenc.sty"
Package: inputenc 2008/03/30 v1.1d Input encoding file
\inpenc@prehook=\toks14
\inpenc@posthook=\toks15

("C:\Program Files\MiKTeX 2.8\tex\latex\base\utf8.def"
File: utf8.def 2008/04/05 v1.1m UTF-8 support for inputenc
Now handling font encoding OML ...
... no UTF-8 mapping file for font encoding OML
Now handling font encoding T1 ...
... processing UTF-8 mapping file for font encoding T1

("C:\Program Files\MiKTeX 2.8\tex\latex\base\t1enc.dfu"
File: t1enc.dfu 2008/04/05 v1.1m UTF-8 support for inputenc
   defining Unicode char U+00A1 (decimal 161)
   defining Unicode char U+00A3 (decimal 163)
   defining Unicode char U+00AB (decimal 171)
   defining Unicode char U+00BB (decimal 187)
   defining Unicode char U+00BF (decimal 191)
   defining Unicode char U+00C0 (decimal 192)
   defining Unicode char U+00C1 (decimal 193)
   defining Unicode char U+00C2 (decimal 194)
   defining Unicode char U+00C3 (decimal 195)
   defining Unicode char U+00C4 (decimal 196)
   defining Unicode char U+00C5 (decimal 197)
   defining Unicode char U+00C6 (decimal 198)
   defining Unicode char U+00C7 (decimal 199)
   defining Unicode char U+00C8 (decimal 200)
   defining Unicode char U+00C9 (decimal 201)
   defining Unicode char U+00CA (decimal 202)
   defining Unicode char U+00CB (decimal 203)
   defining Unicode char U+00CC (decimal 204)
   defining Unicode char U+00CD (decimal 205)
   defining Unicode char U+00CE (decimal 206)
   defining Unicode char U+00CF (decimal 207)
   defining Unicode char U+00D0 (decimal 208)
   defining Unicode char U+00D1 (decimal 209)
   defining Unicode char U+00D2 (decimal 210)
   defining Unicode char U+00D3 (decimal 211)
   defining Unicode char U+00D4 (decimal 212)
   defining Unicode char U+00D5 (decimal 213)
   defining Unicode char U+00D6 (decimal 214)
   defining Unicode char U+00D8 (decimal 216)
   defining Unicode char U+00D9 (decimal 217)
   defining Unicode char U+00DA (decimal 218)
   defining Unicode char U+00DB (decimal 219)
   defining Unicode char U+00DC (decimal 220)
   defining Unicode char U+00DD (decimal 221)
   defining Unicode char U+00DE (decimal 222)
   defining Unicode char U+00DF (decimal 223)
   defining Unicode char U+00E0 (decimal 224)
   defining Unicode char U+00E1 (decimal 225)
   defining Unicode char U+00E2 (decimal 226)
   defining Unicode char U+00E3 (decimal 227)
   defining Unicode char U+00E4 (decimal 228)
   defining Unicode char U+00E5 (decimal 229)
   defining Unicode char U+00E6 (decimal 230)
   defining Unicode char U+00E7 (decimal 231)
   defining Unicode char U+00E8 (decimal 232)
   defining Unicode char U+00E9 (decimal 233)
   defining Unicode char U+00EA (decimal 234)
   defining Unicode char U+00EB (decimal 235)
   defining Unicode char U+00EC (decimal 236)
   defining Unicode char U+00ED (decimal 237)
   defining Unicode char U+00EE (decimal 238)
   defining Unicode char U+00EF (decimal 239)
   defining Unicode char U+00F0 (decimal 240)
   defining Unicode char U+00F1 (decimal 241)
   defining Unicode char U+00F2 (decimal 242)
   defining Unicode char U+00F3 (decimal 243)
   defining Unicode char U+00F4 (decimal 244)
   defining Unicode char U+00F5 (decimal 245)
   defining Unicode char U+00F6 (decimal 246)
   defining Unicode char U+00F8 (decimal 248)
   defining Unicode char U+00F9 (decimal 249)
   defining Unicode char U+00FA (decimal 250)
   defining Unicode char U+00FB (decimal 251)
   defining Unicode char U+00FC (decimal 252)
   defining Unicode char U+00FD (decimal 253)
   defining Unicode char U+00FE (decimal 254)
   defining Unicode char U+00FF (decimal 255)
   defining Unicode char U+0102 (decimal 258)
   defining Unicode char U+0103 (decimal 259)
   defining Unicode char U+0104 (decimal 260)
   defining Unicode char U+0105 (decimal 261)
   defining Unicode char U+0106 (decimal 262)
   defining Unicode char U+0107 (decimal 263)
   defining Unicode char U+010C (decimal 268)
   defining Unicode char U+010D (decimal 269)
   defining Unicode char U+010E (decimal 270)
   defining Unicode char U+010F (decimal 271)
   defining Unicode char U+0110 (decimal 272)
   defining Unicode char U+0111 (decimal 273)
   defining Unicode char U+0118 (decimal 280)
   defining Unicode char U+0119 (decimal 281)
   defining Unicode char U+011A (decimal 282)
   defining Unicode char U+011B (decimal 283)
   defining Unicode char U+011E (decimal 286)
   defining Unicode char U+011F (decimal 287)
   defining Unicode char U+0130 (decimal 304)
   defining Unicode char U+0131 (decimal 305)
   defining Unicode char U+0132 (decimal 306)
   defining Unicode char U+0133 (decimal 307)
   defining Unicode char U+0139 (decimal 313)
   defining Unicode char U+013A (decimal 314)
   defining Unicode char U+013D (decimal 317)
   defining Unicode char U+013E (decimal 318)
   defining Unicode char U+0141 (decimal 321)
   defining Unicode char U+0142 (decimal 322)
   defining Unicode char U+0143 (decimal 323)
   defining Unicode char U+0144 (decimal 324)
   defining Unicode char U+0147 (decimal 327)
   defining Unicode char U+0148 (decimal 328)
   defining Unicode char U+014A (decimal 330)
   defining Unicode char U+014B (decimal 331)
   defining Unicode char U+0150 (decimal 336)
   defining Unicode char U+0151 (decimal 337)
   defining Unicode char U+0152 (decimal 338)
   defining Unicode char U+0153 (decimal 339)
   defining Unicode char U+0154 (decimal 340)
   defining Unicode char U+0155 (decimal 341)
   defining Unicode char U+0158 (decimal 344)
   defining Unicode char U+0159 (decimal 345)
   defining Unicode char U+015A (decimal 346)
   defining Unicode char U+015B (decimal 347)
   defining Unicode char U+015E (decimal 350)
   defining Unicode char U+015F (decimal 351)
   defining Unicode char U+0160 (decimal 352)
   defining Unicode char U+0161 (decimal 353)
   defining Unicode char U+0162 (decimal 354)
   defining Unicode char U+0163 (decimal 355)
   defining Unicode char U+0164 (decimal 356)
   defining Unicode char U+0165 (decimal 357)
   defining Unicode char U+016E (decimal 366)
   defining Unicode char U+016F (decimal 367)
   defining Unicode char U+0170 (decimal 368)
   defining Unicode char U+0171 (decimal 369)
   defining Unicode char U+0178 (decimal 376)
   defining Unicode char U+0179 (decimal 377)
   defining Unicode char U+017A (decimal 378)
   defining Unicode char U+017B (decimal 379)
   defining Unicode char U+017C (decimal 380)
   defining Unicode char U+017D (decimal 381)
   defining Unicode char U+017E (decimal 382)
   defining Unicode char U+200C (decimal 8204)
   defining Unicode char U+2013 (decimal 8211)
   defining Unicode char U+2014 (decimal 8212)
   defining Unicode char U+2018 (decimal 8216)
   defining Unicode char U+2019 (decimal 8217)
   defining Unicode char U+201A (decimal 8218)
   defining Unicode char U+201C (decimal 8220)
   defining Unicode char U+201D (decimal 8221)
   defining Unicode char U+201E (decimal 8222)
   defining Unicode char U+2030 (decimal 8240)
   defining Unicode char U+2031 (decimal 8241)
   defining Unicode char U+2039 (decimal 8249)
   defining Unicode char U+203A (decimal 8250)
   defining Unicode char U+2423 (decimal 9251)
)
Now handling font encoding OT1 ...
... processing UTF-8 mapping file for font encoding OT1

("C:\Program Files\MiKTeX 2.8\tex\latex\base\ot1enc.dfu"
File: ot1enc.dfu 2008/04/05 v1.1m UTF-8 support for inputenc
   defining Unicode char U+00A1 (decimal 161)
   defining Unicode char U+00A3 (decimal 163)
   defining Unicode char U+00B8 (decimal 184)
   defining Unicode char U+00BF (decimal 191)
   defining Unicode char U+00C5 (decimal 197)
   defining Unicode char U+00C6 (decimal 198)
   defining Unicode char U+00D8 (decimal 216)
   defining Unicode char U+00DF (decimal 223)
   defining Unicode char U+00E6 (decimal 230)
   defining Unicode char U+00EC (decimal 236)
   defining Unicode char U+00ED (decimal 237)
   defining Unicode char U+00EE (decimal 238)
   defining Unicode char U+00EF (decimal 239)
   defining Unicode char U+00F8 (decimal 248)
   defining Unicode char U+0131 (decimal 305)
   defining Unicode char U+0141 (decimal 321)
   defining Unicode char U+0142 (decimal 322)
   defining Unicode char U+0152 (decimal 338)
   defining Unicode char U+0153 (decimal 339)
   defining Unicode char U+2013 (decimal 8211)
   defining Unicode char U+2014 (decimal 8212)
   defining Unicode char U+2018 (decimal 8216)
   defining Unicode char U+2019 (decimal 8217)
   defining Unicode char U+201C (decimal 8220)
   defining Unicode char U+201D (decimal 8221)
)
Now handling font encoding OMS ...
... processing UTF-8 mapping file for font encoding OMS

("C:\Program Files\MiKTeX 2.8\tex\latex\base\omsenc.dfu"
File: omsenc.dfu 2008/04/05 v1.1m UTF-8 support for inputenc
   defining Unicode char U+00A7 (decimal 167)
   defining Unicode char U+00B6 (decimal 182)
   defining Unicode char U+00B7 (decimal 183)
   defining Unicode char U+2020 (decimal 8224)
   defining Unicode char U+2021 (decimal 8225)
   defining Unicode char U+2022 (decimal 8226)
)
Now handling font encoding OMX ...
... no UTF-8 mapping file for font encoding OMX
Now handling font encoding U ...
... no UTF-8 mapping file for font encoding U
   defining Unicode char U+00A9 (decimal 169)
   defining Unicode char U+00AA (decimal 170)
   defining Unicode char U+00AE (decimal 174)
   defining Unicode char U+00BA (decimal 186)
   defining Unicode char U+02C6 (decimal 710)
   defining Unicode char U+02DC (decimal 732)
   defining Unicode char U+200C (decimal 8204)
   defining Unicode char U+2026 (decimal 8230)
   defining Unicode char U+2122 (decimal 8482)
   defining Unicode char U+2423 (decimal 9251)
))
("C:\Program Files\MiKTeX 2.8\tex\latex\base\fontenc.sty"
Package: fontenc 2005/09/27 v1.99g Standard LaTeX package

("C:\Program Files\MiKTeX 2.8\tex\latex\base\t1enc.def"
File: t1enc.def 2005/09/27 v1.99g Standard LaTeX file
LaTeX Font Info:    Redeclaring font encoding T1 on input line 43.
))
("C:\Program Files\MiKTeX 2.8\tex\latex\geometry\geometry.sty"
Package: geometry 2008/12/21 v4.2 Page Geometry

("C:\Program Files\MiKTeX 2.8\tex\latex\graphics\keyval.sty"
Package: keyval 1999/03/16 v1.13 key=value parser (DPC)
\KV@toks@=\toks16
)
("C:\Program Files\MiKTeX 2.8\tex\generic\oberdiek\ifpdf.sty"
Package: ifpdf 2009/04/10 v2.0 Provides the ifpdf switch (HO)
Package ifpdf Info: pdfTeX in pdf mode detected.
)
("C:\Program Files\MiKTeX 2.8\tex\generic\oberdiek\ifvtex.sty"
Package: ifvtex 2008/11/04 v1.4 Switches for detecting VTeX and its modes (HO)
Package ifvtex Info: VTeX not detected.
)
\Gm@cnth=\count88
\Gm@cntv=\count89
\c@Gm@tempcnt=\count90
\Gm@bindingoffset=\dimen103
\Gm@wd@mp=\dimen104
\Gm@odd@mp=\dimen105
\Gm@even@mp=\dimen106
\Gm@dimlist=\toks17

("C:\Program Files\MiKTeX 2.8\tex\latex\geometry\geometry.cfg"))
("C:\Program Files\MiKTeX 2.8\tex\latex\graphics\graphicx.sty"
Package: graphicx 1999/02/16 v1.0f Enhanced LaTeX Graphics (DPC,SPQR)

("C:\Program Files\MiKTeX 2.8\tex\latex\graphics\graphics.sty"
Package: graphics 2009/02/05 v1.0o Standard LaTeX Graphics (DPC,SPQR)

("C:\Program Files\MiKTeX 2.8\tex\latex\graphics\trig.sty"
Package: trig 1999/03/16 v1.09 sin cos tan (DPC)
)
("C:\Program Files\MiKTeX 2.8\tex\latex\00miktex\graphics.cfg"
File: graphics.cfg 2007/01/18 v1.5 graphics configuration of teTeX/TeXLive
)
Package graphics Info: Driver file: pdftex.def on input line 91.

("C:\Program Files\MiKTeX 2.8\tex\latex\pdftex-def\pdftex.def"
File: pdftex.def 2009/08/25 v0.04m Graphics/color for pdfTeX
\Gread@gobject=\count91
))
\Gin@req@height=\dimen107
\Gin@req@width=\dimen108
)
("C:\Program Files\MiKTeX 2.8\tex\generic\babel\babel.sty"
Package: babel 2008/07/06 v3.8l The Babel package

*************************************
* Local config file bblopts.cfg used
*
("C:\Program Files\MiKTeX 2.8\tex\latex\00miktex\bblopts.cfg"
File: bblopts.cfg 2006/07/31 v1.0 MiKTeX 'babel' configuration
)
("C:\Program Files\MiKTeX 2.8\tex\generic\babel\spanish.ldf"
Language: spanish.ldf 2009/01/02 v5.0h Spanish support from the babel system

("C:\Program Files\MiKTeX 2.8\tex\generic\babel\babel.def"
File: babel.def 2008/07/06 v3.8l Babel common definitions
\babel@savecnt=\count92
\U@D=\dimen109
)

Package babel Warning: No hyphenation patterns were loaded for
(babel)                the language `Spanish'
(babel)                I will use the patterns loaded for \language=0 instead.

\l@spanish = a dialect from \language0
\es@datefmt=\count93
\es@quottoks=\toks18
\es@quotdepth=\count94
Package babel Info: Making " an active character on input line 492.
Package babel Info: Making . an active character on input line 585.
Package babel Info: Making < an active character on input line 630.
Package babel Info: Making > an active character on input line 630.
)) ("C:\Program Files\MiKTeX 2.8\tex\latex\ams\classes\amsthm.sty"
Package: amsthm 2004/08/06 v2.20
\thm@style=\toks19
\thm@bodyfont=\toks20
\thm@headfont=\toks21
\thm@notefont=\toks22
\thm@headpunct=\toks23
\thm@preskip=\skip43
\thm@postskip=\skip44
\thm@headsep=\skip45
\dth@everypar=\toks24
)
("C:\Program Files\MiKTeX 2.8\tex\latex\ams\math\amsmath.sty"
Package: amsmath 2000/07/18 v2.13 AMS math features
\@mathmargin=\skip46

For additional information on amsmath, use the `?' option.
("C:\Program Files\MiKTeX 2.8\tex\latex\ams\math\amstext.sty"
Package: amstext 2000/06/29 v2.01

("C:\Program Files\MiKTeX 2.8\tex\latex\ams\math\amsgen.sty"
File: amsgen.sty 1999/11/30 v2.0
\@emptytoks=\toks25
\ex@=\dimen110
))
("C:\Program Files\MiKTeX 2.8\tex\latex\ams\math\amsbsy.sty"
Package: amsbsy 1999/11/29 v1.2d
\pmbraise@=\dimen111
)
("C:\Program Files\MiKTeX 2.8\tex\latex\ams\math\amsopn.sty"
Package: amsopn 1999/12/14 v2.01 operator names
)
\inf@bad=\count95
LaTeX Info: Redefining \frac on input line 211.
\uproot@=\count96
\leftroot@=\count97
LaTeX Info: Redefining \overline on input line 307.
\classnum@=\count98
\DOTSCASE@=\count99
LaTeX Info: Redefining \ldots on input line 379.
LaTeX Info: Redefining \dots on input line 382.
LaTeX Info: Redefining \cdots on input line 467.
\Mathstrutbox@=\box26
\strutbox@=\box27
\big@size=\dimen112
LaTeX Font Info:    Redeclaring font encoding OML on input line 567.
LaTeX Font Info:    Redeclaring font encoding OMS on input line 568.
\macc@depth=\count100
\c@MaxMatrixCols=\count101
\dotsspace@=\muskip10
\c@parentequation=\count102
\dspbrk@lvl=\count103
\tag@help=\toks26
\row@=\count104
\column@=\count105
\maxfields@=\count106
\andhelp@=\toks27
\eqnshift@=\dimen113
\alignsep@=\dimen114
\tagshift@=\dimen115
\tagwidth@=\dimen116
\totwidth@=\dimen117
\lineht@=\dimen118
\@envbody=\toks28
\multlinegap=\skip47
\multlinetaggap=\skip48
\mathdisplay@stack=\toks29
LaTeX Info: Redefining \[ on input line 2666.
LaTeX Info: Redefining \] on input line 2667.
)
("C:\Program Files\MiKTeX 2.8\tex\latex\calrsfs\calrsfs.sty"
\symrsfscript=\mathgroup4
)
("C:\Program Files\MiKTeX 2.8\tex\latex\trfsigns\trfsigns.sty"
Package: trfsigns 
)
\c@thm=\count107
\c@dfn=\count108
\c@note=\count109

("C:\Users\Casho\Documents\Latex\Control\Teoría de Control.aux"

LaTeX Warning: Label `equ230' multiply defined.


LaTeX Warning: Label `equ231' multiply defined.


LaTeX Warning: Label `equ232' multiply defined.


LaTeX Warning: Label `equ233' multiply defined.


LaTeX Warning: Label `equ234' multiply defined.


LaTeX Warning: Label `equ235' multiply defined.


LaTeX Warning: Label `equ236' multiply defined.


LaTeX Warning: Label `equ237' multiply defined.


LaTeX Warning: Label `equ238' multiply defined.


LaTeX Warning: Label `equ239' multiply defined.


LaTeX Warning: Label `equ239' multiply defined.


LaTeX Warning: Label `equ240' multiply defined.


LaTeX Warning: Label `equ239' multiply defined.


LaTeX Warning: Label `equ239' multiply defined.

)
LaTeX Font Info:    Checking defaults for OML/cmm/m/it on input line 35.
LaTeX Font Info:    ... okay on input line 35.
LaTeX Font Info:    Checking defaults for T1/cmr/m/n on input line 35.
LaTeX Font Info:    ... okay on input line 35.
LaTeX Font Info:    Checking defaults for OT1/cmr/m/n on input line 35.
LaTeX Font Info:    ... okay on input line 35.
LaTeX Font Info:    Checking defaults for OMS/cmsy/m/n on input line 35.
LaTeX Font Info:    ... okay on input line 35.
LaTeX Font Info:    Checking defaults for OMX/cmex/m/n on input line 35.
LaTeX Font Info:    ... okay on input line 35.
LaTeX Font Info:    Checking defaults for U/cmr/m/n on input line 35.
LaTeX Font Info:    ... okay on input line 35.

*geometry auto-detecting driver*
*geometry detected driver: pdftex*
-------------------- Geometry parameters
paper: letterpaper
landscape: --
twocolumn: --
twoside: true
asymmetric: --
h-parts: 73.71613pt, 0.7\paperwidth , 110.57425pt (default)
v-parts: 95.39737pt, 0.7\paperheight , 143.09605pt (default)
hmarginratio: 2:3
vmarginratio: 2:3
lines: --
heightrounded: --
bindingoffset: 0.0pt
truedimen: --
includehead: --
includefoot: --
includemp: --
driver: pdftex
-------------------- Page layout dimensions and switches
\paperwidth  614.295pt
\paperheight 794.96999pt
\textwidth  430.00462pt
\textheight 556.47656pt
\oddsidemargin  1.44614pt
\evensidemargin 38.30426pt
\topmargin  -8.74641pt
\headheight 12.0pt
\headsep    19.8738pt
\footskip   30.0pt
\marginparwidth 98.0pt
\marginparsep   7.0pt
\columnsep  10.0pt
\skip\footins  10.8pt plus 4.0pt minus 2.0pt
\hoffset 0.0pt
\voffset 0.0pt
\mag 1000
\@twosidetrue \@mparswitchtrue 
(1in=72.27pt, 1cm=28.45pt)
-----------------------
("C:\Program Files\MiKTeX 2.8\tex\context\base\supp-pdf.tex"
[Loading MPS to PDF converter (version 2006.09.02).]
\scratchcounter=\count110
\scratchdimen=\dimen119
\scratchbox=\box28
\nofMPsegments=\count111
\nofMParguments=\count112
\everyMPshowfont=\toks30
\MPscratchCnt=\count113
\MPscratchDim=\dimen120
\MPnumerator=\count114
\everyMPtoPDFconversion=\toks31
)
LaTeX Font Info:    Try loading font information for OMS+rsfs on input line 37.

 ("C:\Program Files\MiKTeX 2.8\tex\latex\calrsfs\omsrsfs.fd") [1



{C:/ProgramData/MiKTeX/2.8/pdftex/config/pdftex.map}] [2

] [3] [4

]
("C:\Users\Casho\Documents\Latex\Control\Teoría de Control.toc" [5])
\tf@toc=\write3
 [6]
Cap\'{\i }tulo 1.
[1


] <micromecatronica.jpg, id=33, 440.39531pt x 271.0125pt>
File: micromecatronica.jpg Graphic file (type jpg)

<use micromecatronica.jpg> [2 <C:/Users/Casho/Documents/Latex/Control/micromeca
tronica.jpg>] <mems1.jpg, id=38, 125.71968pt x 125.71968pt>
File: mems1.jpg Graphic file (type jpg)
 <use mems1.jpg>
[3 <C:/Users/Casho/Documents/Latex/Control/mems1.jpg>] [4]
<mecatronica.jpg, id=46, 268.75406pt x 273.27094pt>
File: mecatronica.jpg Graphic file (type jpg)
 <use mecatronica.jpg>
<sistemamecatronico.jpg, id=47, 342.5297pt x 234.8775pt>
File: sistemamecatronico.jpg Graphic file (type jpg)

<use sistemamecatronico.jpg> [5 <C:/Users/Casho/Documents/Latex/Control/mecatro
nica.jpg>] [6 <C:/Users/Casho/Documents/Latex/Control/sistemamecatronico.jpg>]
<sistemamecatronico2.jpg, id=54, 334.24875pt x 209.28188pt>
File: sistemamecatronico2.jpg Graphic file (type jpg)

<use sistemamecatronico2.jpg> [7 <C:/Users/Casho/Documents/Latex/Control/sistem
amecatronico2.jpg>] <sistemadinamico.jpg, id=59, 338.01282pt x 208.52907pt>
File: sistemadinamico.jpg Graphic file (type jpg)

<use sistemadinamico.jpg> [8 <C:/Users/Casho/Documents/Latex/Control/sistemadin
amico.jpg>] <observables.jpg, id=63, 338.76563pt x 238.64156pt>
File: observables.jpg Graphic file (type jpg)

<use observables.jpg> [9 <C:/Users/Casho/Documents/Latex/Control/observables.jp
g>] [10]
Cap\'{\i }tulo 2.
[11

] <resorte.jpg, id=76, 194.22563pt x 207.77625pt>
File: resorte.jpg Graphic file (type jpg)
 <use resorte.jpg> [12 <C:/Users/Casho/Documents/Latex/Control/resorte.jpg>] [1
3] [14]
<rueda.jpeg, id=88, 280.04625pt x 187.45032pt>
File: rueda.jpeg Graphic file (type jpg)
 <use rueda.jpeg> [15]
<Angulorueda.jpeg, id=93, 270.25969pt x 236.38312pt>
File: Angulorueda.jpeg Graphic file (type jpg)
 <use Angulorueda.jpeg>
[16 <C:/Users/Casho/Documents/Latex/Control/rueda.jpeg>] [17 <C:/Users/Casho/Do
cuments/Latex/Control/Angulorueda.jpeg>] [18]
<hemisferio.jpg, id=103, 249.18094pt x 123.46124pt>
File: hemisferio.jpg Graphic file (type jpg)
 <use hemisferio.jpg>
[19 <C:/Users/Casho/Documents/Latex/Control/hemisferio.jpg>]
<Potencialhemisferio.jpg, id=108, 234.8775pt x 270.25969pt>
File: Potencialhemisferio.jpg Graphic file (type jpg)

<use Potencialhemisferio.jpg> [20 <C:/Users/Casho/Documents/Latex/Control/Poten
cialhemisferio.jpg>] [21] [22

]
Cap\'{\i }tulo 3.
[23] [24] [25] [26]
Cap\'{\i }tulo 4.
[27

] [28]

LaTeX Warning: Command \textasciicircum invalid in math mode on input line 1082
.


Overfull \hbox (46.95279pt too wide) in paragraph at lines 1059--1091
 [] 
 []

[29] <circuitos.jpg, id=144, 672.26157pt x 211.54031pt>
File: circuitos.jpg Graphic file (type jpg)
 <use circuitos.jpg>
[30] <mecanica.jpg, id=149, 389.95688pt x 332.74312pt>
File: mecanica.jpg Graphic file (type jpg)
 <use mecanica.jpg>
[31 <C:/Users/Casho/Documents/Latex/Control/circuitos.jpg>]
<circuito1.jpg, id=154, 397.485pt x 127.22531pt>
File: circuito1.jpg Graphic file (type jpg)
 <use circuito1.jpg> [32 <C:/Users/Casho/Documents/Latex/Control/mecanica.jpg>]

<circuito1planos.jpg, id=158, 375.65344pt x 137.01187pt>
File: circuito1planos.jpg Graphic file (type jpg)

<use circuito1planos.jpg> [33 <C:/Users/Casho/Documents/Latex/Control/circuito1
.jpg> <C:/Users/Casho/Documents/Latex/Control/circuito1planos.jpg>]
<sistemamecanico1.jpg, id=162, 402.00188pt x 158.84344pt>
File: sistemamecanico1.jpg Graphic file (type jpg)

<use sistemamecanico1.jpg> [34 <C:/Users/Casho/Documents/Latex/Control/sistemam
ecanico1.jpg>]
Overfull \hbox (44.32945pt too wide) has occurred while \output is active
\T1/cmr/m/sl/12 4.4.  EJEMPLO 2: MODELO LINEAL EN FRECUENCIA DE UN SISTEMA MECÁ
NICO \T1/cmr/m/n/12 35
 []

[35] [36

]
Cap\'{\i }tulo 5.
[37] [38

] ("C:\Users\Casho\Documents\Latex\Control\Teoría de Control.aux")

LaTeX Warning: There were multiply-defined labels.

 ) 
Here is how much of TeX's memory you used:
 3288 strings out of 495285
 40008 string characters out of 3180394
 108635 words of memory out of 3000000
 6426 multiletter control sequences out of 15000+200000
 18538 words of font info for 49 fonts, out of 3000000 for 9000
 14 hyphenation exceptions out of 8191
 27i,15n,27p,1028b,361s stack positions out of 5000i,500n,10000p,200000b,50000s
{C:/Program Files/MiKTeX 2.8/fonts/enc/dvips/cm-super/cm-super-t1.enc}<C:/Pro
gram Files/MiKTeX 2.8/fonts/type1/public/amsfonts/cm/cmex10.pfb><C:/Program Fil
es/MiKTeX 2.8/fonts/type1/public/amsfonts/cm/cmmi12.pfb><C:/Program Files/MiKTe
X 2.8/fonts/type1/public/amsfonts/cm/cmmi6.pfb><C:/Program Files/MiKTeX 2.8/fon
ts/type1/public/amsfonts/cm/cmmi8.pfb><C:/Program Files/MiKTeX 2.8/fonts/type1/
public/amsfonts/cm/cmr12.pfb><C:/Program Files/MiKTeX 2.8/fonts/type1/public/am
sfonts/cm/cmr6.pfb><C:/Program Files/MiKTeX 2.8/fonts/type1/public/amsfonts/cm/
cmr8.pfb><C:/Program Files/MiKTeX 2.8/fonts/type1/public/amsfonts/cm/cmsy10.pfb
><C:/Program Files/MiKTeX 2.8/fonts/type1/public/amsfonts/cm/cmsy6.pfb><C:/Prog
ram Files/MiKTeX 2.8/fonts/type1/public/amsfonts/cm/cmsy8.pfb><C:/Program Files
/MiKTeX 2.8/fonts/type1/hoekwater/rsfs/rsfs10.pfb><C:/Program Files/MiKTeX 2.8/
fonts/type1/public/cm-super/sfbx1200.pfb><C:/Program Files/MiKTeX 2.8/fonts/typ
e1/public/cm-super/sfbx1440.pfb><C:/Program Files/MiKTeX 2.8/fonts/type1/public
/cm-super/sfbx1728.pfb><C:/Program Files/MiKTeX 2.8/fonts/type1/public/cm-super
/sfbx2488.pfb><C:/Program Files/MiKTeX 2.8/fonts/type1/public/cm-super/sfcc1200
.pfb><C:/Program Files/MiKTeX 2.8/fonts/type1/public/cm-super/sfrm1200.pfb><C:/
Program Files/MiKTeX 2.8/fonts/type1/public/cm-super/sfrm1440.pfb><C:/Program F
iles/MiKTeX 2.8/fonts/type1/public/cm-super/sfrm2074.pfb><C:/Program Files/MiKT
eX 2.8/fonts/type1/public/cm-super/sfsl1200.pfb><C:/Program Files/MiKTeX 2.8/fo
nts/type1/public/cm-super/sfxc1200.pfb>
Output written on "Teoría de Control.pdf" (44 pages, 603610 bytes).
PDF statistics:
 247 PDF objects out of 1000 (max. 8388607)
 0 named destinations out of 1000 (max. 500000)
 86 words of extra memory for PDF output out of 10000 (max. 10000000)

