\BOOKMARK [0][-]{chapter.1}{Instalaci\363n de RUST}{}% 1
\BOOKMARK [1][-]{section.1.1}{Instalando RUST en Linux}{chapter.1}% 2
\BOOKMARK [1][-]{section.1.2}{Instalando Rust Nightly}{chapter.1}% 3
\BOOKMARK [2][-]{subsection.1.2.1}{Desinstalando}{section.1.2}% 4
\BOOKMARK [1][-]{section.1.3}{Instalaci\363n de RustDT}{chapter.1}% 5
\BOOKMARK [2][-]{subsection.1.3.1}{Instrucciones}{section.1.3}% 6
\BOOKMARK [2][-]{subsection.1.3.2}{Actualizar}{section.1.3}% 7
\BOOKMARK [0][-]{chapter.2}{Caracter\355sticas Principales de RUST}{}% 8
\BOOKMARK [1][-]{section.2.1}{Una corta introducci\363n a RUST}{chapter.2}% 9
\BOOKMARK [1][-]{section.2.2}{Programa ``Hola, Mundo''}{chapter.2}% 10
\BOOKMARK [1][-]{section.2.3}{Conviertiendo a Cargo}{chapter.2}% 11
\BOOKMARK [2][-]{subsection.2.3.1}{Primer paso}{section.2.3}% 12
\BOOKMARK [0][-]{chapter.3}{Programaci\363n embebida usando la toolchain GNU}{}% 13
\BOOKMARK [1][-]{section.3.1}{Programaci\363n Ensamblador para ARM}{chapter.3}% 14
\BOOKMARK [2][-]{subsection.3.1.1}{Sumador}{section.3.1}% 15
\BOOKMARK [2][-]{subsection.3.1.2}{Sumar datos en Memoria}{section.3.1}% 16
\BOOKMARK [0][-]{chapter.4}{Ensamblador en linux}{}% 17
\BOOKMARK [1][-]{section.4.1}{Desplegando informacion en linux con ensamblador}{chapter.4}% 18
\BOOKMARK [2][-]{subsection.4.1.1}{Hola Mundo en ensamblador}{section.4.1}% 19
\BOOKMARK [2][-]{subsection.4.1.2}{Enviando resultados a la salida estandar}{section.4.1}% 20
\BOOKMARK [1][-]{section.4.2}{Usando gdb}{chapter.4}% 21
\BOOKMARK [2][-]{subsection.4.2.1}{El comando Print del depurador}{section.4.2}% 22
\BOOKMARK [2][-]{subsection.4.2.2}{Comando x del depurador}{section.4.2}% 23
\BOOKMARK [0][-]{chapter.5}{Dise\361ando el Sistema Operativo UtVitam con Rust}{}% 24
\BOOKMARK [1][-]{section.5.1}{Construyecto un Cross-Compiler}{chapter.5}% 25
\BOOKMARK [2][-]{subsection.5.1.1}{Anfitri\363n y Objetivos}{section.5.1}% 26
\BOOKMARK [2][-]{subsection.5.1.2}{Raspberry Pi bootloader}{section.5.1}% 27
\BOOKMARK [1][-]{section.5.2}{Comenzando la programaci\363n}{chapter.5}% 28
\BOOKMARK [1][-]{section.5.3}{Haciendo el LED parpadear}{chapter.5}% 29
\BOOKMARK [2][-]{subsection.5.3.1}{Preparando el codigo }{section.5.3}% 30
\BOOKMARK [1][-]{section.5.4}{Tips de compilaci\363n y ensamblador}{chapter.5}% 31
\BOOKMARK [0][-]{chapter.6}{Sistema Operativo para x86}{}% 32
