\BOOKMARK [0][-]{chapter.1}{Virtualizando Linux}{}% 1
\BOOKMARK [1][-]{section.1.1}{Una leve introducci\363n a linux}{chapter.1}% 2
\BOOKMARK [1][-]{section.1.2}{Historia de las distribuciones de linux}{chapter.1}% 3
\BOOKMARK [2][-]{subsection.1.2.1}{Tux}{section.1.2}% 4
\BOOKMARK [2][-]{subsection.1.2.2}{Distribuciones de Linux}{section.1.2}% 5
\BOOKMARK [1][-]{section.1.3}{Virtualizaci\363n}{chapter.1}% 6
\BOOKMARK [2][-]{subsection.1.3.1}{Virtualizaci\363n por Sistema Operativo}{section.1.3}% 7
\BOOKMARK [1][-]{section.1.4}{Creando una m\341quina virtual con VMware Player}{chapter.1}% 8
\BOOKMARK [0][-]{chapter.2}{Instalando Python y el IDE para la programaci\363n}{}% 9
\BOOKMARK [1][-]{section.2.1}{Instalando Eclipse}{chapter.2}% 10
\BOOKMARK [1][-]{section.2.2}{Pasos para instalar eclipse en Elementary OS}{chapter.2}% 11
\BOOKMARK [2][-]{subsection.2.2.1}{Paso 1}{section.2.2}% 12
\BOOKMARK [2][-]{subsection.2.2.2}{Paso 2 y Paso 3}{section.2.2}% 13
\BOOKMARK [2][-]{subsection.2.2.3}{Paso 4 y paso 5}{section.2.2}% 14
\BOOKMARK [1][-]{section.2.3}{Instalando PyDev}{chapter.2}% 15
\BOOKMARK [0][-]{chapter.3}{Introducci\363n a Python}{}% 16
\BOOKMARK [1][-]{section.3.1}{Herencia}{chapter.3}% 17
\BOOKMARK [1][-]{section.3.2}{Herencia M\372ltiple}{chapter.3}% 18
\BOOKMARK [1][-]{section.3.3}{Polimorfismo}{chapter.3}% 19
\BOOKMARK [1][-]{section.3.4}{Encapsulaci\363n}{chapter.3}% 20
\BOOKMARK [1][-]{section.3.5}{Clases mejoradas}{chapter.3}% 21
\BOOKMARK [1][-]{section.3.6}{M\351todos Especiales}{chapter.3}% 22
\BOOKMARK [1][-]{section.3.7}{Algunos m\351todos de objetos}{chapter.3}% 23
\BOOKMARK [2][-]{subsection.3.7.1}{Diccionarios}{section.3.7}% 24
\BOOKMARK [2][-]{subsection.3.7.2}{Cadenas}{section.3.7}% 25
\BOOKMARK [2][-]{subsection.3.7.3}{Listas}{section.3.7}% 26
\BOOKMARK [1][-]{section.3.8}{Excepciones}{chapter.3}% 27
\BOOKMARK [0][-]{chapter.4}{Programaci\363n B\341sica con Python GTK+ 3}{}% 28
\BOOKMARK [1][-]{section.4.1}{Dependencias}{chapter.4}% 29
\BOOKMARK [1][-]{section.4.2}{Instalando en Elementary OS}{chapter.4}% 30
\BOOKMARK [1][-]{section.4.3}{Ejemplo1:Un ejemplo Simple}{chapter.4}% 31
\BOOKMARK [1][-]{section.4.4}{Ejemplo 2: Ampliando el Ejemplo}{chapter.4}% 32
\BOOKMARK [1][-]{section.4.5}{Aspectos importantes del ambiente gr\341fico GTK+}{chapter.4}% 33
\BOOKMARK [2][-]{subsection.4.5.1}{Propiedades}{section.4.5}% 34
\BOOKMARK [1][-]{section.4.6}{Cadenas}{chapter.4}% 35
\BOOKMARK [1][-]{section.4.7}{Contenedores de Layout}{chapter.4}% 36
\BOOKMARK [2][-]{subsection.4.7.1}{Cajas}{section.4.7}% 37
\BOOKMARK [1][-]{section.4.8}{Entrada de datos}{chapter.4}% 38
\BOOKMARK [2][-]{subsection.4.8.1}{Ejemplo}{section.4.8}% 39
